<?xml version="1.0" encoding="UTF-8"?>
<testsuite name="SimplifyTest" tests="2" skipped="0" failures="0" errors="0" timestamp="2021-05-10T14:50:01" hostname="Trevors-MacBook-Pro.local" time="0.027">
  <properties/>
  <testcase name="addition should be commutative 2()" classname="SimplifyTest" time="0.026"/>
  <testcase name="addition should be commutative()" classname="SimplifyTest" time="0.001"/>
  <system-out><![CDATA[]]></system-out>
  <system-err><![CDATA[]]></system-err>
</testsuite>
